SF:lib/promptpay_qrcode_generate.dart
DA:16,1
DA:26,0
DA:28,1
DA:30,3
DA:32,1
DA:34,1
DA:35,1
DA:37,1
DA:38,1
DA:39,1
DA:41,1
DA:42,1
DA:43,1
DA:44,1
DA:53,1
DA:55,1
DA:60,1
DA:62,1
DA:63,1
DA:71,1
DA:72,5
DA:73,1
DA:74,7
DA:75,1
LF:24
LH:23
end_of_record
SF:lib/src/format_amount.dart
DA:1,1
DA:2,2
DA:3,5
DA:6,4
DA:7,1
DA:8,1
DA:9,3
DA:10,1
DA:11,1
DA:12,1
DA:15,1
DA:18,2
LF:12
LH:12
end_of_record
SF:lib/src/generate_qrcode.dart
DA:3,1
DA:7,4
DA:20,3
DA:27,1
DA:28,1
DA:29,4
DA:30,1
DA:39,1
DA:41,3
DA:43,1
DA:48,1
DA:50,3
DA:51,6
DA:52,2
DA:53,7
LF:15
LH:15
end_of_record
